<?xml version="1.0" encoding="UTF-8"?>
<!-- Generated by org.testng.reporters.JUnitXMLReporter -->
<testsuite ignored="0" hostname="LAPTOP-9FDKH1JV" failures="2" tests="39" name="Test" time="212.779" errors="0" timestamp="2024-07-29T15:40:33 IST">
  <testcase classname="com.qe.project.testcases.Sign_InTaskTest" name="loginAcount" time="2.113"/>
  <testcase classname="com.qe.project.testcases.Sign_InTaskTest" name="signUpbutton" time="1.137"/>
  <testcase classname="com.qe.project.testcases.Sign_InTaskTest" name="countrySynbol" time="1.323"/>
  <testcase classname="com.qe.project.testcases.Sign_InTaskTest" name="countryName" time="1.156"/>
  <testcase classname="com.qe.project.testcases.Sign_InTaskTest" name="phoneNo" time="1.35"/>
  <testcase classname="com.qe.project.testcases.Sign_InTaskTest" name="checkBox" time="1.19"/>
  <testcase classname="com.qe.project.testcases.Sign_InTaskTest" name="continueButton" time="1.153"/>
  <testcase classname="com.qe.project.testcases.Sign_InTaskTest" name="otp" time="2.495"/>
  <testcase classname="com.qe.project.testcases.Sign_InTaskTest" name="firstName" time="3.399"/>
  <testcase classname="com.qe.project.testcases.Sign_InTaskTest" name="lastName" time="2.294"/>
  <testcase classname="com.qe.project.testcases.Sign_InTaskTest" name="email" time="1.335"/>
  <testcase classname="com.qe.project.testcases.Sign_InTaskTest" name="done" time="1.142"/>
  <testcase classname="com.qe.project.testcases.Sign_InTaskTest" name="brandsDropdown" time="10.251"/>
  <testcase classname="com.qe.project.testcases.Sign_InTaskTest" name="listOfProducts" time="8.802"/>
  <testcase classname="com.qe.project.testcases.Sign_InTaskTest" name="quantityDropDown" time="1.323"/>
  <testcase classname="com.qe.project.testcases.Sign_InTaskTest" name="addToKart" time="1.165"/>
  <testcase classname="com.qe.project.testcases.Sign_InTaskTest" name="addToIcon" time="1.188"/>
  <testcase classname="com.qe.project.testcases.Sign_InTaskTest" name="productDetailsVerify" time="1.201"/>
  <testcase classname="com.qe.project.testcases.Sign_InTaskTest" name="proccedCheckout" time="1.162"/>
  <testcase classname="com.qe.project.testcases.Sign_InTaskTest" name="firstNameP" time="1.434"/>
  <testcase classname="com.qe.project.testcases.Sign_InTaskTest" name="lastNameP" time="2.355"/>
  <testcase classname="com.qe.project.testcases.Sign_InTaskTest" name="countryIcon" time="1.245"/>
  <testcase classname="com.qe.project.testcases.Sign_InTaskTest" name="selectCountry" time="1.192"/>
  <testcase classname="com.qe.project.testcases.Sign_InTaskTest" name="enterPhone" time="2.431"/>
  <testcase classname="com.qe.project.testcases.Sign_InTaskTest" name="enterAddress" time="2.449"/>
  <testcase classname="com.qe.project.testcases.Sign_InTaskTest" name="enterZipcode" time="2.381"/>
  <testcase classname="com.qe.project.testcases.Sign_InTaskTest" name="continueButtonP" time="5.176"/>
  <testcase classname="com.qe.project.testcases.Sign_InTaskTest" name="addNewCard" time="2.203"/>
  <testcase classname="com.qe.project.testcases.Sign_InTaskTest" name="nameCard" time="3.323"/>
  <testcase classname="com.qe.project.testcases.Sign_InTaskTest" name="cardNumber" time="0.383"/>
  <testcase classname="com.qe.project.testcases.Sign_InTaskTest" name="cVVnumber" time="0.175"/>
  <testcase classname="com.qe.project.testcases.Sign_InTaskTest" name="month" time="3.324"/>
  <testcase classname="com.qe.project.testcases.Sign_InTaskTest" name="yearYYY" time="2.324"/>
  <testcase classname="com.qe.project.testcases.Sign_InTaskTest" name="addCard" time="2.198"/>
  <testcase classname="com.qe.project.testcases.Sign_InTaskTest" name="confirmOrder" time="8.112"/>
  <testcase classname="com.qe.project.testcases.Sign_InTaskTest" name="closeIcon" time="16.543"/>
  <testcase classname="com.qe.project.testcases.Logout_InTest" name="logout" time="4.922"/>
  <testcase classname="com.qe.project.testcases.Logout_InTest" name="LogoutOption" time="52.113">
    <failure type="org.openqa.selenium.NoSuchElementException" message="no such element: Unable to locate element: {&amp;quot;method&amp;quot;:&amp;quot;css selector&amp;quot;,&amp;quot;selector&amp;quot;:&amp;quot;.\/\/p\[text\(\)\=\&amp;apos;Logout\&amp;apos;\]&amp;quot;}
  (Session info: chrome=127.0.6533.72)
For documentation on this error, please visit: https://www.seleniumhq.org/exceptions/no_such_element.html
Build info: version: &amp;apos;3.141.59&amp;apos;, revision: &amp;apos;e82be7d358&amp;apos;, time: &amp;apos;2018-11-14T08:25:53&amp;apos;
System info: host: &amp;apos;LAPTOP-9FDKH1JV&amp;apos;, ip: &amp;apos;192.168.0.115&amp;apos;, os.name: &amp;apos;Windows 11&amp;apos;, os.arch: &amp;apos;amd64&amp;apos;, os.version: &amp;apos;10.0&amp;apos;, java.version: &amp;apos;17.0.11&amp;apos;
Driver info: org.openqa.selenium.chrome.ChromeDriver
Capabilities {acceptInsecureCerts: false, browserName: chrome, browserVersion: 127.0.6533.72, chrome: {chromedriverVersion: 126.0.6478.182 (5b5d8292ddf..., userDataDir: C:\Users\laksh\AppData\Loca...}, fedcm:accounts: true, goog:chromeOptions: {debuggerAddress: localhost:64998}, javascriptEnabled: true, networkConnectionEnabled: false, pageLoadStrategy: normal, platform: WINDOWS, platformName: WINDOWS, proxy: Proxy(), setWindowRect: true, strictFileInteractability: false, timeouts: {implicit: 0, pageLoad: 300000, script: 30000}, unhandledPromptBehavior: dismiss and notify, webauthn:extension:credBlob: true, webauthn:extension:largeBlob: true, webauthn:extension:minPinLength: true, webauthn:extension:prf: true, webauthn:virtualAuthenticators: true}
Session ID: d6ea748c2b2b95f785bcf4ba79afe585
*** Element info: {Using=class name, value=//p[text()=&amp;apos;Logout&amp;apos;]}">
      <![CDATA[org.openqa.selenium.NoSuchElementException: no such element: Unable to locate element: {"method":"css selector","selector":".\/\/p\[text\(\)\=\'Logout\'\]"}
  (Session info: chrome=127.0.6533.72)
For documentation on this error, please visit: https://www.seleniumhq.org/exceptions/no_such_element.html
Build info: version: '3.141.59', revision: 'e82be7d358', time: '2018-11-14T08:25:53'
System info: host: 'LAPTOP-9FDKH1JV', ip: '192.168.0.115', os.name: 'Windows 11', os.arch: 'amd64', os.version: '10.0', java.version: '17.0.11'
Driver info: org.openqa.selenium.chrome.ChromeDriver
Capabilities {acceptInsecureCerts: false, browserName: chrome, browserVersion: 127.0.6533.72, chrome: {chromedriverVersion: 126.0.6478.182 (5b5d8292ddf..., userDataDir: C:\Users\laksh\AppData\Loca...}, fedcm:accounts: true, goog:chromeOptions: {debuggerAddress: localhost:64998}, javascriptEnabled: true, networkConnectionEnabled: false, pageLoadStrategy: normal, platform: WINDOWS, platformName: WINDOWS, proxy: Proxy(), setWindowRect: true, strictFileInteractability: false, timeouts: {implicit: 0, pageLoad: 300000, script: 30000}, unhandledPromptBehavior: dismiss and notify, webauthn:extension:credBlob: true, webauthn:extension:largeBlob: true, webauthn:extension:minPinLength: true, webauthn:extension:prf: true, webauthn:virtualAuthenticators: true}
Session ID: d6ea748c2b2b95f785bcf4ba79afe585
*** Element info: {Using=class name, value=//p[text()='Logout']}
at org.openqa.selenium.remote.http.W3CHttpResponseCodec.createException(W3CHttpResponseCodec.java:187)
at org.openqa.selenium.remote.http.W3CHttpResponseCodec.decode(W3CHttpResponseCodec.java:122)
at org.openqa.selenium.remote.http.W3CHttpResponseCodec.decode(W3CHttpResponseCodec.java:49)
at org.openqa.selenium.remote.HttpCommandExecutor.execute(HttpCommandExecutor.java:158)
at org.openqa.selenium.remote.service.DriverCommandExecutor.execute(DriverCommandExecutor.java:83)
at org.openqa.selenium.remote.RemoteWebDriver.execute(RemoteWebDriver.java:552)
at org.openqa.selenium.remote.RemoteWebDriver.findElement(RemoteWebDriver.java:323)
at org.openqa.selenium.remote.RemoteWebDriver.findElementByClassName(RemoteWebDriver.java:412)
at org.openqa.selenium.By$ByClassName.findElement(By.java:389)
at org.openqa.selenium.remote.RemoteWebDriver.findElement(RemoteWebDriver.java:315)
at org.openqa.selenium.support.pagefactory.DefaultElementLocator.findElement(DefaultElementLocator.java:69)
at org.openqa.selenium.support.pagefactory.internal.LocatingElementHandler.invoke(LocatingElementHandler.java:38)
at jdk.proxy2/jdk.proxy2.$Proxy15.click(Unknown Source)
at com.qe.project.pages.Logout_In.logoutOption(Logout_In.java:33)
at com.qe.project.testcases.Logout_InTest.LogoutOption(Logout_InTest.java:23)
at java.base/java.util.ArrayList.forEach(ArrayList.java:1511)
... Removed 32 stack frames]]>
    </failure>
  </testcase> <!-- LogoutOption -->
  <testcase classname="com.qe.project.testcases.Logout_InTest" name="LogoutBtm" time="52.086">
    <failure type="org.openqa.selenium.NoSuchElementException" message="no such element: Unable to locate element: {&amp;quot;method&amp;quot;:&amp;quot;css selector&amp;quot;,&amp;quot;selector&amp;quot;:&amp;quot;.\/\/button\[text\(\)\=\&amp;apos;Logout\&amp;apos;\]&amp;quot;}
  (Session info: chrome=127.0.6533.72)
For documentation on this error, please visit: https://www.seleniumhq.org/exceptions/no_such_element.html
Build info: version: &amp;apos;3.141.59&amp;apos;, revision: &amp;apos;e82be7d358&amp;apos;, time: &amp;apos;2018-11-14T08:25:53&amp;apos;
System info: host: &amp;apos;LAPTOP-9FDKH1JV&amp;apos;, ip: &amp;apos;192.168.0.115&amp;apos;, os.name: &amp;apos;Windows 11&amp;apos;, os.arch: &amp;apos;amd64&amp;apos;, os.version: &amp;apos;10.0&amp;apos;, java.version: &amp;apos;17.0.11&amp;apos;
Driver info: org.openqa.selenium.chrome.ChromeDriver
Capabilities {acceptInsecureCerts: false, browserName: chrome, browserVersion: 127.0.6533.72, chrome: {chromedriverVersion: 126.0.6478.182 (5b5d8292ddf..., userDataDir: C:\Users\laksh\AppData\Loca...}, fedcm:accounts: true, goog:chromeOptions: {debuggerAddress: localhost:64998}, javascriptEnabled: true, networkConnectionEnabled: false, pageLoadStrategy: normal, platform: WINDOWS, platformName: WINDOWS, proxy: Proxy(), setWindowRect: true, strictFileInteractability: false, timeouts: {implicit: 0, pageLoad: 300000, script: 30000}, unhandledPromptBehavior: dismiss and notify, webauthn:extension:credBlob: true, webauthn:extension:largeBlob: true, webauthn:extension:minPinLength: true, webauthn:extension:prf: true, webauthn:virtualAuthenticators: true}
Session ID: d6ea748c2b2b95f785bcf4ba79afe585
*** Element info: {Using=class name, value=//button[text()=&amp;apos;Logout&amp;apos;]}">
      <![CDATA[org.openqa.selenium.NoSuchElementException: no such element: Unable to locate element: {"method":"css selector","selector":".\/\/button\[text\(\)\=\'Logout\'\]"}
  (Session info: chrome=127.0.6533.72)
For documentation on this error, please visit: https://www.seleniumhq.org/exceptions/no_such_element.html
Build info: version: '3.141.59', revision: 'e82be7d358', time: '2018-11-14T08:25:53'
System info: host: 'LAPTOP-9FDKH1JV', ip: '192.168.0.115', os.name: 'Windows 11', os.arch: 'amd64', os.version: '10.0', java.version: '17.0.11'
Driver info: org.openqa.selenium.chrome.ChromeDriver
Capabilities {acceptInsecureCerts: false, browserName: chrome, browserVersion: 127.0.6533.72, chrome: {chromedriverVersion: 126.0.6478.182 (5b5d8292ddf..., userDataDir: C:\Users\laksh\AppData\Loca...}, fedcm:accounts: true, goog:chromeOptions: {debuggerAddress: localhost:64998}, javascriptEnabled: true, networkConnectionEnabled: false, pageLoadStrategy: normal, platform: WINDOWS, platformName: WINDOWS, proxy: Proxy(), setWindowRect: true, strictFileInteractability: false, timeouts: {implicit: 0, pageLoad: 300000, script: 30000}, unhandledPromptBehavior: dismiss and notify, webauthn:extension:credBlob: true, webauthn:extension:largeBlob: true, webauthn:extension:minPinLength: true, webauthn:extension:prf: true, webauthn:virtualAuthenticators: true}
Session ID: d6ea748c2b2b95f785bcf4ba79afe585
*** Element info: {Using=class name, value=//button[text()='Logout']}
at org.openqa.selenium.remote.http.W3CHttpResponseCodec.createException(W3CHttpResponseCodec.java:187)
at org.openqa.selenium.remote.http.W3CHttpResponseCodec.decode(W3CHttpResponseCodec.java:122)
at org.openqa.selenium.remote.http.W3CHttpResponseCodec.decode(W3CHttpResponseCodec.java:49)
at org.openqa.selenium.remote.HttpCommandExecutor.execute(HttpCommandExecutor.java:158)
at org.openqa.selenium.remote.service.DriverCommandExecutor.execute(DriverCommandExecutor.java:83)
at org.openqa.selenium.remote.RemoteWebDriver.execute(RemoteWebDriver.java:552)
at org.openqa.selenium.remote.RemoteWebDriver.findElement(RemoteWebDriver.java:323)
at org.openqa.selenium.remote.RemoteWebDriver.findElementByClassName(RemoteWebDriver.java:412)
at org.openqa.selenium.By$ByClassName.findElement(By.java:389)
at org.openqa.selenium.remote.RemoteWebDriver.findElement(RemoteWebDriver.java:315)
at org.openqa.selenium.support.pagefactory.DefaultElementLocator.findElement(DefaultElementLocator.java:69)
at org.openqa.selenium.support.pagefactory.internal.LocatingElementHandler.invoke(LocatingElementHandler.java:38)
at jdk.proxy2/jdk.proxy2.$Proxy15.click(Unknown Source)
at com.qe.project.pages.Logout_In.logoutbtn(Logout_In.java:37)
at com.qe.project.testcases.Logout_InTest.LogoutBtm(Logout_InTest.java:27)
at java.base/java.util.ArrayList.forEach(ArrayList.java:1511)
... Removed 32 stack frames]]>
    </failure>
  </testcase> <!-- LogoutBtm -->
</testsuite> <!-- Test -->
