<?xml version="1.0" encoding="UTF-8"?>
<testng-results ignored="0" total="39" passed="37" failed="2" skipped="0">
  <reporter-output>
  </reporter-output>
  <suite started-at="2024-07-29T15:37:00 IST" name="Suite" finished-at="2024-07-29T15:40:33 IST" duration-ms="212779">
    <groups>
    </groups>
    <test started-at="2024-07-29T15:37:00 IST" name="Test" finished-at="2024-07-29T15:40:33 IST" duration-ms="212779">
      <class name="com.qe.project.testcases.Logout_InTest">
        <test-method is-config="true" signature="Logout()[pri:0, instance:com.qe.project.testcases.Logout_InTest@2d710f1a]" started-at="2024-07-29T15:38:43 IST" name="Logout" finished-at="2024-07-29T15:38:43 IST" duration-ms="6" status="PASS">
          <reporter-output>
          </reporter-output>
        </test-method> <!-- Logout -->
        <test-method signature="logout()[pri:1, instance:com.qe.project.testcases.Logout_InTest@2d710f1a]" started-at="2024-07-29T15:38:43 IST" name="logout" finished-at="2024-07-29T15:38:48 IST" duration-ms="4922" status="PASS">
          <reporter-output>
          </reporter-output>
        </test-method> <!-- logout -->
        <test-method is-config="true" signature="Logout()[pri:0, instance:com.qe.project.testcases.Logout_InTest@2d710f1a]" started-at="2024-07-29T15:38:48 IST" name="Logout" finished-at="2024-07-29T15:38:48 IST" duration-ms="1" status="PASS">
          <reporter-output>
          </reporter-output>
        </test-method> <!-- Logout -->
        <test-method signature="LogoutOption()[pri:2, instance:com.qe.project.testcases.Logout_InTest@2d710f1a]" started-at="2024-07-29T15:38:48 IST" name="LogoutOption" finished-at="2024-07-29T15:39:40 IST" duration-ms="52113" status="FAIL">
          <exception class="org.openqa.selenium.NoSuchElementException">
            <message>
              <![CDATA[no such element: Unable to locate element: {"method":"css selector","selector":".\/\/p\[text\(\)\=\'Logout\'\]"}
  (Session info: chrome=127.0.6533.72)
For documentation on this error, please visit: https://www.seleniumhq.org/exceptions/no_such_element.html
Build info: version: '3.141.59', revision: 'e82be7d358', time: '2018-11-14T08:25:53'
System info: host: 'LAPTOP-9FDKH1JV', ip: '192.168.0.115', os.name: 'Windows 11', os.arch: 'amd64', os.version: '10.0', java.version: '17.0.11'
Driver info: org.openqa.selenium.chrome.ChromeDriver
Capabilities {acceptInsecureCerts: false, browserName: chrome, browserVersion: 127.0.6533.72, chrome: {chromedriverVersion: 126.0.6478.182 (5b5d8292ddf..., userDataDir: C:\Users\laksh\AppData\Loca...}, fedcm:accounts: true, goog:chromeOptions: {debuggerAddress: localhost:64998}, javascriptEnabled: true, networkConnectionEnabled: false, pageLoadStrategy: normal, platform: WINDOWS, platformName: WINDOWS, proxy: Proxy(), setWindowRect: true, strictFileInteractability: false, timeouts: {implicit: 0, pageLoad: 300000, script: 30000}, unhandledPromptBehavior: dismiss and notify, webauthn:extension:credBlob: true, webauthn:extension:largeBlob: true, webauthn:extension:minPinLength: true, webauthn:extension:prf: true, webauthn:virtualAuthenticators: true}
Session ID: d6ea748c2b2b95f785bcf4ba79afe585
*** Element info: {Using=class name, value=//p[text()='Logout']}]]>
            </message>
            <full-stacktrace>
              <![CDATA[org.openqa.selenium.NoSuchElementException: no such element: Unable to locate element: {"method":"css selector","selector":".\/\/p\[text\(\)\=\'Logout\'\]"}
  (Session info: chrome=127.0.6533.72)
For documentation on this error, please visit: https://www.seleniumhq.org/exceptions/no_such_element.html
Build info: version: '3.141.59', revision: 'e82be7d358', time: '2018-11-14T08:25:53'
System info: host: 'LAPTOP-9FDKH1JV', ip: '192.168.0.115', os.name: 'Windows 11', os.arch: 'amd64', os.version: '10.0', java.version: '17.0.11'
Driver info: org.openqa.selenium.chrome.ChromeDriver
Capabilities {acceptInsecureCerts: false, browserName: chrome, browserVersion: 127.0.6533.72, chrome: {chromedriverVersion: 126.0.6478.182 (5b5d8292ddf..., userDataDir: C:\Users\laksh\AppData\Loca...}, fedcm:accounts: true, goog:chromeOptions: {debuggerAddress: localhost:64998}, javascriptEnabled: true, networkConnectionEnabled: false, pageLoadStrategy: normal, platform: WINDOWS, platformName: WINDOWS, proxy: Proxy(), setWindowRect: true, strictFileInteractability: false, timeouts: {implicit: 0, pageLoad: 300000, script: 30000}, unhandledPromptBehavior: dismiss and notify, webauthn:extension:credBlob: true, webauthn:extension:largeBlob: true, webauthn:extension:minPinLength: true, webauthn:extension:prf: true, webauthn:virtualAuthenticators: true}
Session ID: d6ea748c2b2b95f785bcf4ba79afe585
*** Element info: {Using=class name, value=//p[text()='Logout']}
at java.base/jdk.internal.reflect.NativeConstructorAccessorImpl.newInstance0(Native Method)
at java.base/jdk.internal.reflect.NativeConstructorAccessorImpl.newInstance(NativeConstructorAccessorImpl.java:77)
at java.base/jdk.internal.reflect.DelegatingConstructorAccessorImpl.newInstance(DelegatingConstructorAccessorImpl.java:45)
at java.base/java.lang.reflect.Constructor.newInstanceWithCaller(Constructor.java:499)
at java.base/java.lang.reflect.Constructor.newInstance(Constructor.java:480)
at org.openqa.selenium.remote.http.W3CHttpResponseCodec.createException(W3CHttpResponseCodec.java:187)
at org.openqa.selenium.remote.http.W3CHttpResponseCodec.decode(W3CHttpResponseCodec.java:122)
at org.openqa.selenium.remote.http.W3CHttpResponseCodec.decode(W3CHttpResponseCodec.java:49)
at org.openqa.selenium.remote.HttpCommandExecutor.execute(HttpCommandExecutor.java:158)
at org.openqa.selenium.remote.service.DriverCommandExecutor.execute(DriverCommandExecutor.java:83)
at org.openqa.selenium.remote.RemoteWebDriver.execute(RemoteWebDriver.java:552)
at org.openqa.selenium.remote.RemoteWebDriver.findElement(RemoteWebDriver.java:323)
at org.openqa.selenium.remote.RemoteWebDriver.findElementByClassName(RemoteWebDriver.java:412)
at org.openqa.selenium.By$ByClassName.findElement(By.java:389)
at org.openqa.selenium.remote.RemoteWebDriver.findElement(RemoteWebDriver.java:315)
at org.openqa.selenium.support.pagefactory.DefaultElementLocator.findElement(DefaultElementLocator.java:69)
at org.openqa.selenium.support.pagefactory.internal.LocatingElementHandler.invoke(LocatingElementHandler.java:38)
at jdk.proxy2/jdk.proxy2.$Proxy15.click(Unknown Source)
at com.qe.project.pages.Logout_In.logoutOption(Logout_In.java:33)
at com.qe.project.testcases.Logout_InTest.LogoutOption(Logout_InTest.java:23)
at java.base/jdk.internal.reflect.NativeMethodAccessorImpl.invoke0(Native Method)
at java.base/jdk.internal.reflect.NativeMethodAccessorImpl.invoke(NativeMethodAccessorImpl.java:77)
at java.base/jdk.internal.reflect.DelegatingMethodAccessorImpl.invoke(DelegatingMethodAccessorImpl.java:43)
at java.base/java.lang.reflect.Method.invoke(Method.java:568)
at org.testng.internal.MethodInvocationHelper.invokeMethod(MethodInvocationHelper.java:133)
at org.testng.internal.TestInvoker.invokeMethod(TestInvoker.java:598)
at org.testng.internal.TestInvoker.invokeTestMethod(TestInvoker.java:173)
at org.testng.internal.MethodRunner.runInSequence(MethodRunner.java:46)
at org.testng.internal.TestInvoker$MethodInvocationAgent.invoke(TestInvoker.java:824)
at org.testng.internal.TestInvoker.invokeTestMethods(TestInvoker.java:146)
at org.testng.internal.TestMethodWorker.invokeTestMethods(TestMethodWorker.java:146)
at org.testng.internal.TestMethodWorker.run(TestMethodWorker.java:128)
at java.base/java.util.ArrayList.forEach(ArrayList.java:1511)
at org.testng.TestRunner.privateRun(TestRunner.java:794)
at org.testng.TestRunner.run(TestRunner.java:596)
at org.testng.SuiteRunner.runTest(SuiteRunner.java:377)
at org.testng.SuiteRunner.runSequentially(SuiteRunner.java:371)
at org.testng.SuiteRunner.privateRun(SuiteRunner.java:332)
at org.testng.SuiteRunner.run(SuiteRunner.java:276)
at org.testng.SuiteRunnerWorker.runSuite(SuiteRunnerWorker.java:53)
at org.testng.SuiteRunnerWorker.run(SuiteRunnerWorker.java:96)
at org.testng.TestNG.runSuitesSequentially(TestNG.java:1212)
at org.testng.TestNG.runSuitesLocally(TestNG.java:1134)
at org.testng.TestNG.runSuites(TestNG.java:1063)
at org.testng.TestNG.run(TestNG.java:1031)
at org.testng.remote.AbstractRemoteTestNG.run(AbstractRemoteTestNG.java:115)
at org.testng.remote.RemoteTestNG.initAndRun(RemoteTestNG.java:293)
at org.testng.remote.RemoteTestNG.main(RemoteTestNG.java:91)
]]>
            </full-stacktrace>
          </exception> <!-- org.openqa.selenium.NoSuchElementException -->
          <reporter-output>
          </reporter-output>
        </test-method> <!-- LogoutOption -->
        <test-method signature="LogoutBtm()[pri:3, instance:com.qe.project.testcases.Logout_InTest@2d710f1a]" started-at="2024-07-29T15:39:40 IST" name="LogoutBtm" finished-at="2024-07-29T15:40:33 IST" duration-ms="52086" status="FAIL">
          <exception class="org.openqa.selenium.NoSuchElementException">
            <message>
              <![CDATA[no such element: Unable to locate element: {"method":"css selector","selector":".\/\/button\[text\(\)\=\'Logout\'\]"}
  (Session info: chrome=127.0.6533.72)
For documentation on this error, please visit: https://www.seleniumhq.org/exceptions/no_such_element.html
Build info: version: '3.141.59', revision: 'e82be7d358', time: '2018-11-14T08:25:53'
System info: host: 'LAPTOP-9FDKH1JV', ip: '192.168.0.115', os.name: 'Windows 11', os.arch: 'amd64', os.version: '10.0', java.version: '17.0.11'
Driver info: org.openqa.selenium.chrome.ChromeDriver
Capabilities {acceptInsecureCerts: false, browserName: chrome, browserVersion: 127.0.6533.72, chrome: {chromedriverVersion: 126.0.6478.182 (5b5d8292ddf..., userDataDir: C:\Users\laksh\AppData\Loca...}, fedcm:accounts: true, goog:chromeOptions: {debuggerAddress: localhost:64998}, javascriptEnabled: true, networkConnectionEnabled: false, pageLoadStrategy: normal, platform: WINDOWS, platformName: WINDOWS, proxy: Proxy(), setWindowRect: true, strictFileInteractability: false, timeouts: {implicit: 0, pageLoad: 300000, script: 30000}, unhandledPromptBehavior: dismiss and notify, webauthn:extension:credBlob: true, webauthn:extension:largeBlob: true, webauthn:extension:minPinLength: true, webauthn:extension:prf: true, webauthn:virtualAuthenticators: true}
Session ID: d6ea748c2b2b95f785bcf4ba79afe585
*** Element info: {Using=class name, value=//button[text()='Logout']}]]>
            </message>
            <full-stacktrace>
              <![CDATA[org.openqa.selenium.NoSuchElementException: no such element: Unable to locate element: {"method":"css selector","selector":".\/\/button\[text\(\)\=\'Logout\'\]"}
  (Session info: chrome=127.0.6533.72)
For documentation on this error, please visit: https://www.seleniumhq.org/exceptions/no_such_element.html
Build info: version: '3.141.59', revision: 'e82be7d358', time: '2018-11-14T08:25:53'
System info: host: 'LAPTOP-9FDKH1JV', ip: '192.168.0.115', os.name: 'Windows 11', os.arch: 'amd64', os.version: '10.0', java.version: '17.0.11'
Driver info: org.openqa.selenium.chrome.ChromeDriver
Capabilities {acceptInsecureCerts: false, browserName: chrome, browserVersion: 127.0.6533.72, chrome: {chromedriverVersion: 126.0.6478.182 (5b5d8292ddf..., userDataDir: C:\Users\laksh\AppData\Loca...}, fedcm:accounts: true, goog:chromeOptions: {debuggerAddress: localhost:64998}, javascriptEnabled: true, networkConnectionEnabled: false, pageLoadStrategy: normal, platform: WINDOWS, platformName: WINDOWS, proxy: Proxy(), setWindowRect: true, strictFileInteractability: false, timeouts: {implicit: 0, pageLoad: 300000, script: 30000}, unhandledPromptBehavior: dismiss and notify, webauthn:extension:credBlob: true, webauthn:extension:largeBlob: true, webauthn:extension:minPinLength: true, webauthn:extension:prf: true, webauthn:virtualAuthenticators: true}
Session ID: d6ea748c2b2b95f785bcf4ba79afe585
*** Element info: {Using=class name, value=//button[text()='Logout']}
at java.base/jdk.internal.reflect.NativeConstructorAccessorImpl.newInstance0(Native Method)
at java.base/jdk.internal.reflect.NativeConstructorAccessorImpl.newInstance(NativeConstructorAccessorImpl.java:77)
at java.base/jdk.internal.reflect.DelegatingConstructorAccessorImpl.newInstance(DelegatingConstructorAccessorImpl.java:45)
at java.base/java.lang.reflect.Constructor.newInstanceWithCaller(Constructor.java:499)
at java.base/java.lang.reflect.Constructor.newInstance(Constructor.java:480)
at org.openqa.selenium.remote.http.W3CHttpResponseCodec.createException(W3CHttpResponseCodec.java:187)
at org.openqa.selenium.remote.http.W3CHttpResponseCodec.decode(W3CHttpResponseCodec.java:122)
at org.openqa.selenium.remote.http.W3CHttpResponseCodec.decode(W3CHttpResponseCodec.java:49)
at org.openqa.selenium.remote.HttpCommandExecutor.execute(HttpCommandExecutor.java:158)
at org.openqa.selenium.remote.service.DriverCommandExecutor.execute(DriverCommandExecutor.java:83)
at org.openqa.selenium.remote.RemoteWebDriver.execute(RemoteWebDriver.java:552)
at org.openqa.selenium.remote.RemoteWebDriver.findElement(RemoteWebDriver.java:323)
at org.openqa.selenium.remote.RemoteWebDriver.findElementByClassName(RemoteWebDriver.java:412)
at org.openqa.selenium.By$ByClassName.findElement(By.java:389)
at org.openqa.selenium.remote.RemoteWebDriver.findElement(RemoteWebDriver.java:315)
at org.openqa.selenium.support.pagefactory.DefaultElementLocator.findElement(DefaultElementLocator.java:69)
at org.openqa.selenium.support.pagefactory.internal.LocatingElementHandler.invoke(LocatingElementHandler.java:38)
at jdk.proxy2/jdk.proxy2.$Proxy15.click(Unknown Source)
at com.qe.project.pages.Logout_In.logoutbtn(Logout_In.java:37)
at com.qe.project.testcases.Logout_InTest.LogoutBtm(Logout_InTest.java:27)
at java.base/jdk.internal.reflect.NativeMethodAccessorImpl.invoke0(Native Method)
at java.base/jdk.internal.reflect.NativeMethodAccessorImpl.invoke(NativeMethodAccessorImpl.java:77)
at java.base/jdk.internal.reflect.DelegatingMethodAccessorImpl.invoke(DelegatingMethodAccessorImpl.java:43)
at java.base/java.lang.reflect.Method.invoke(Method.java:568)
at org.testng.internal.MethodInvocationHelper.invokeMethod(MethodInvocationHelper.java:133)
at org.testng.internal.TestInvoker.invokeMethod(TestInvoker.java:598)
at org.testng.internal.TestInvoker.invokeTestMethod(TestInvoker.java:173)
at org.testng.internal.MethodRunner.runInSequence(MethodRunner.java:46)
at org.testng.internal.TestInvoker$MethodInvocationAgent.invoke(TestInvoker.java:824)
at org.testng.internal.TestInvoker.invokeTestMethods(TestInvoker.java:146)
at org.testng.internal.TestMethodWorker.invokeTestMethods(TestMethodWorker.java:146)
at org.testng.internal.TestMethodWorker.run(TestMethodWorker.java:128)
at java.base/java.util.ArrayList.forEach(ArrayList.java:1511)
at org.testng.TestRunner.privateRun(TestRunner.java:794)
at org.testng.TestRunner.run(TestRunner.java:596)
at org.testng.SuiteRunner.runTest(SuiteRunner.java:377)
at org.testng.SuiteRunner.runSequentially(SuiteRunner.java:371)
at org.testng.SuiteRunner.privateRun(SuiteRunner.java:332)
at org.testng.SuiteRunner.run(SuiteRunner.java:276)
at org.testng.SuiteRunnerWorker.runSuite(SuiteRunnerWorker.java:53)
at org.testng.SuiteRunnerWorker.run(SuiteRunnerWorker.java:96)
at org.testng.TestNG.runSuitesSequentially(TestNG.java:1212)
at org.testng.TestNG.runSuitesLocally(TestNG.java:1134)
at org.testng.TestNG.runSuites(TestNG.java:1063)
at org.testng.TestNG.run(TestNG.java:1031)
at org.testng.remote.AbstractRemoteTestNG.run(AbstractRemoteTestNG.java:115)
at org.testng.remote.RemoteTestNG.initAndRun(RemoteTestNG.java:293)
at org.testng.remote.RemoteTestNG.main(RemoteTestNG.java:91)
]]>
            </full-stacktrace>
          </exception> <!-- org.openqa.selenium.NoSuchElementException -->
          <reporter-output>
          </reporter-output>
        </test-method> <!-- LogoutBtm -->
        <test-method is-config="true" signature="Logout()[pri:0, instance:com.qe.project.testcases.Logout_InTest@2d710f1a]" started-at="2024-07-29T15:39:40 IST" name="Logout" finished-at="2024-07-29T15:39:40 IST" duration-ms="0" status="PASS">
          <reporter-output>
          </reporter-output>
        </test-method> <!-- Logout -->
      </class> <!-- com.qe.project.testcases.Logout_InTest -->
      <class name="com.qe.project.testcases.Sign_InTaskTest">
        <test-method is-config="true" signature="setUp()[pri:0, instance:com.qe.project.testcases.Sign_InTaskTest@1b11171f]" started-at="2024-07-29T15:36:55 IST" name="setUp" finished-at="2024-07-29T15:37:00 IST" duration-ms="4868" status="PASS">
          <reporter-output>
          </reporter-output>
        </test-method> <!-- setUp -->
        <test-method is-config="true" signature="SignIn()[pri:0, instance:com.qe.project.testcases.Sign_InTaskTest@1b11171f]" started-at="2024-07-29T15:37:00 IST" name="SignIn" finished-at="2024-07-29T15:37:00 IST" duration-ms="77" status="PASS">
          <reporter-output>
          </reporter-output>
        </test-method> <!-- SignIn -->
        <test-method signature="loginAcount()[pri:1, instance:com.qe.project.testcases.Sign_InTaskTest@1b11171f]" started-at="2024-07-29T15:37:00 IST" name="loginAcount" finished-at="2024-07-29T15:37:02 IST" duration-ms="2113" status="PASS">
          <reporter-output>
          </reporter-output>
        </test-method> <!-- loginAcount -->
        <test-method signature="signUpbutton()[pri:2, instance:com.qe.project.testcases.Sign_InTaskTest@1b11171f]" started-at="2024-07-29T15:37:02 IST" name="signUpbutton" finished-at="2024-07-29T15:37:04 IST" duration-ms="1137" status="PASS">
          <reporter-output>
          </reporter-output>
        </test-method> <!-- signUpbutton -->
        <test-method signature="countrySynbol()[pri:3, instance:com.qe.project.testcases.Sign_InTaskTest@1b11171f]" started-at="2024-07-29T15:37:04 IST" name="countrySynbol" finished-at="2024-07-29T15:37:05 IST" duration-ms="1323" status="PASS">
          <reporter-output>
          </reporter-output>
        </test-method> <!-- countrySynbol -->
        <test-method signature="countryName()[pri:4, instance:com.qe.project.testcases.Sign_InTaskTest@1b11171f]" started-at="2024-07-29T15:37:05 IST" name="countryName" finished-at="2024-07-29T15:37:06 IST" duration-ms="1156" status="PASS">
          <reporter-output>
          </reporter-output>
        </test-method> <!-- countryName -->
        <test-method signature="phoneNo()[pri:5, instance:com.qe.project.testcases.Sign_InTaskTest@1b11171f]" started-at="2024-07-29T15:37:06 IST" name="phoneNo" finished-at="2024-07-29T15:37:07 IST" duration-ms="1350" status="PASS">
          <reporter-output>
          </reporter-output>
        </test-method> <!-- phoneNo -->
        <test-method signature="checkBox()[pri:6, instance:com.qe.project.testcases.Sign_InTaskTest@1b11171f]" started-at="2024-07-29T15:37:07 IST" name="checkBox" finished-at="2024-07-29T15:37:09 IST" duration-ms="1190" status="PASS">
          <reporter-output>
          </reporter-output>
        </test-method> <!-- checkBox -->
        <test-method signature="continueButton()[pri:7, instance:com.qe.project.testcases.Sign_InTaskTest@1b11171f]" started-at="2024-07-29T15:37:09 IST" name="continueButton" finished-at="2024-07-29T15:37:10 IST" duration-ms="1153" status="PASS">
          <reporter-output>
          </reporter-output>
        </test-method> <!-- continueButton -->
        <test-method signature="otp()[pri:8, instance:com.qe.project.testcases.Sign_InTaskTest@1b11171f]" started-at="2024-07-29T15:37:10 IST" name="otp" finished-at="2024-07-29T15:37:12 IST" duration-ms="2495" status="PASS">
          <reporter-output>
          </reporter-output>
        </test-method> <!-- otp -->
        <test-method signature="firstName()[pri:9, instance:com.qe.project.testcases.Sign_InTaskTest@1b11171f]" started-at="2024-07-29T15:37:12 IST" name="firstName" finished-at="2024-07-29T15:37:16 IST" duration-ms="3399" status="PASS">
          <reporter-output>
          </reporter-output>
        </test-method> <!-- firstName -->
        <test-method signature="lastName()[pri:10, instance:com.qe.project.testcases.Sign_InTaskTest@1b11171f]" started-at="2024-07-29T15:37:16 IST" name="lastName" finished-at="2024-07-29T15:37:18 IST" duration-ms="2294" status="PASS">
          <reporter-output>
          </reporter-output>
        </test-method> <!-- lastName -->
        <test-method signature="email()[pri:11, instance:com.qe.project.testcases.Sign_InTaskTest@1b11171f]" started-at="2024-07-29T15:37:18 IST" name="email" finished-at="2024-07-29T15:37:19 IST" duration-ms="1335" status="PASS">
          <reporter-output>
          </reporter-output>
        </test-method> <!-- email -->
        <test-method signature="done()[pri:12, instance:com.qe.project.testcases.Sign_InTaskTest@1b11171f]" started-at="2024-07-29T15:37:19 IST" name="done" finished-at="2024-07-29T15:37:20 IST" duration-ms="1142" status="PASS">
          <reporter-output>
          </reporter-output>
        </test-method> <!-- done -->
        <test-method signature="brandsDropdown()[pri:13, instance:com.qe.project.testcases.Sign_InTaskTest@1b11171f]" started-at="2024-07-29T15:37:20 IST" name="brandsDropdown" finished-at="2024-07-29T15:37:31 IST" duration-ms="10251" status="PASS">
          <reporter-output>
          </reporter-output>
        </test-method> <!-- brandsDropdown -->
        <test-method signature="listOfProducts()[pri:14, instance:com.qe.project.testcases.Sign_InTaskTest@1b11171f]" started-at="2024-07-29T15:37:31 IST" name="listOfProducts" finished-at="2024-07-29T15:37:39 IST" duration-ms="8802" status="PASS">
          <reporter-output>
          </reporter-output>
        </test-method> <!-- listOfProducts -->
        <test-method signature="quantityDropDown()[pri:15, instance:com.qe.project.testcases.Sign_InTaskTest@1b11171f]" started-at="2024-07-29T15:37:39 IST" name="quantityDropDown" finished-at="2024-07-29T15:37:41 IST" duration-ms="1323" status="PASS">
          <reporter-output>
          </reporter-output>
        </test-method> <!-- quantityDropDown -->
        <test-method signature="addToKart()[pri:16, instance:com.qe.project.testcases.Sign_InTaskTest@1b11171f]" started-at="2024-07-29T15:37:41 IST" name="addToKart" finished-at="2024-07-29T15:37:42 IST" duration-ms="1165" status="PASS">
          <reporter-output>
          </reporter-output>
        </test-method> <!-- addToKart -->
        <test-method signature="addToIcon()[pri:17, instance:com.qe.project.testcases.Sign_InTaskTest@1b11171f]" started-at="2024-07-29T15:37:42 IST" name="addToIcon" finished-at="2024-07-29T15:37:43 IST" duration-ms="1188" status="PASS">
          <reporter-output>
          </reporter-output>
        </test-method> <!-- addToIcon -->
        <test-method signature="productDetailsVerify()[pri:18, instance:com.qe.project.testcases.Sign_InTaskTest@1b11171f]" started-at="2024-07-29T15:37:43 IST" name="productDetailsVerify" finished-at="2024-07-29T15:37:44 IST" duration-ms="1201" status="PASS">
          <reporter-output>
          </reporter-output>
        </test-method> <!-- productDetailsVerify -->
        <test-method signature="proccedCheckout()[pri:19, instance:com.qe.project.testcases.Sign_InTaskTest@1b11171f]" started-at="2024-07-29T15:37:44 IST" name="proccedCheckout" finished-at="2024-07-29T15:37:46 IST" duration-ms="1162" status="PASS">
          <reporter-output>
          </reporter-output>
        </test-method> <!-- proccedCheckout -->
        <test-method signature="firstNameP()[pri:20, instance:com.qe.project.testcases.Sign_InTaskTest@1b11171f]" started-at="2024-07-29T15:37:46 IST" name="firstNameP" finished-at="2024-07-29T15:37:47 IST" duration-ms="1434" status="PASS">
          <reporter-output>
          </reporter-output>
        </test-method> <!-- firstNameP -->
        <test-method signature="lastNameP()[pri:21, instance:com.qe.project.testcases.Sign_InTaskTest@1b11171f]" started-at="2024-07-29T15:37:47 IST" name="lastNameP" finished-at="2024-07-29T15:37:49 IST" duration-ms="2355" status="PASS">
          <reporter-output>
          </reporter-output>
        </test-method> <!-- lastNameP -->
        <test-method signature="countryIcon()[pri:22, instance:com.qe.project.testcases.Sign_InTaskTest@1b11171f]" started-at="2024-07-29T15:37:49 IST" name="countryIcon" finished-at="2024-07-29T15:37:51 IST" duration-ms="1245" status="PASS">
          <reporter-output>
          </reporter-output>
        </test-method> <!-- countryIcon -->
        <test-method signature="selectCountry()[pri:23, instance:com.qe.project.testcases.Sign_InTaskTest@1b11171f]" started-at="2024-07-29T15:37:51 IST" name="selectCountry" finished-at="2024-07-29T15:37:52 IST" duration-ms="1192" status="PASS">
          <reporter-output>
          </reporter-output>
        </test-method> <!-- selectCountry -->
        <test-method signature="enterPhone()[pri:24, instance:com.qe.project.testcases.Sign_InTaskTest@1b11171f]" started-at="2024-07-29T15:37:52 IST" name="enterPhone" finished-at="2024-07-29T15:37:54 IST" duration-ms="2431" status="PASS">
          <reporter-output>
          </reporter-output>
        </test-method> <!-- enterPhone -->
        <test-method signature="enterAddress()[pri:25, instance:com.qe.project.testcases.Sign_InTaskTest@1b11171f]" started-at="2024-07-29T15:37:54 IST" name="enterAddress" finished-at="2024-07-29T15:37:57 IST" duration-ms="2449" status="PASS">
          <reporter-output>
          </reporter-output>
        </test-method> <!-- enterAddress -->
        <test-method signature="enterZipcode()[pri:26, instance:com.qe.project.testcases.Sign_InTaskTest@1b11171f]" started-at="2024-07-29T15:37:57 IST" name="enterZipcode" finished-at="2024-07-29T15:37:59 IST" duration-ms="2381" status="PASS">
          <reporter-output>
          </reporter-output>
        </test-method> <!-- enterZipcode -->
        <test-method signature="continueButtonP()[pri:27, instance:com.qe.project.testcases.Sign_InTaskTest@1b11171f]" started-at="2024-07-29T15:37:59 IST" name="continueButtonP" finished-at="2024-07-29T15:38:04 IST" duration-ms="5176" status="PASS">
          <reporter-output>
          </reporter-output>
        </test-method> <!-- continueButtonP -->
        <test-method signature="addNewCard()[pri:28, instance:com.qe.project.testcases.Sign_InTaskTest@1b11171f]" started-at="2024-07-29T15:38:04 IST" name="addNewCard" finished-at="2024-07-29T15:38:06 IST" duration-ms="2203" status="PASS">
          <reporter-output>
          </reporter-output>
        </test-method> <!-- addNewCard -->
        <test-method signature="nameCard()[pri:29, instance:com.qe.project.testcases.Sign_InTaskTest@1b11171f]" started-at="2024-07-29T15:38:06 IST" name="nameCard" finished-at="2024-07-29T15:38:10 IST" duration-ms="3323" status="PASS">
          <reporter-output>
          </reporter-output>
        </test-method> <!-- nameCard -->
        <test-method signature="cardNumber()[pri:30, instance:com.qe.project.testcases.Sign_InTaskTest@1b11171f]" started-at="2024-07-29T15:38:10 IST" name="cardNumber" finished-at="2024-07-29T15:38:10 IST" duration-ms="383" status="PASS">
          <reporter-output>
          </reporter-output>
        </test-method> <!-- cardNumber -->
        <test-method signature="cVVnumber()[pri:31, instance:com.qe.project.testcases.Sign_InTaskTest@1b11171f]" started-at="2024-07-29T15:38:10 IST" name="cVVnumber" finished-at="2024-07-29T15:38:10 IST" duration-ms="175" status="PASS">
          <reporter-output>
          </reporter-output>
        </test-method> <!-- cVVnumber -->
        <test-method signature="month()[pri:32, instance:com.qe.project.testcases.Sign_InTaskTest@1b11171f]" started-at="2024-07-29T15:38:10 IST" name="month" finished-at="2024-07-29T15:38:14 IST" duration-ms="3324" status="PASS">
          <reporter-output>
          </reporter-output>
        </test-method> <!-- month -->
        <test-method signature="yearYYY()[pri:33, instance:com.qe.project.testcases.Sign_InTaskTest@1b11171f]" started-at="2024-07-29T15:38:14 IST" name="yearYYY" finished-at="2024-07-29T15:38:16 IST" duration-ms="2324" status="PASS">
          <reporter-output>
          </reporter-output>
        </test-method> <!-- yearYYY -->
        <test-method signature="addCard()[pri:34, instance:com.qe.project.testcases.Sign_InTaskTest@1b11171f]" started-at="2024-07-29T15:38:16 IST" name="addCard" finished-at="2024-07-29T15:38:18 IST" duration-ms="2198" status="PASS">
          <reporter-output>
          </reporter-output>
        </test-method> <!-- addCard -->
        <test-method signature="confirmOrder()[pri:35, instance:com.qe.project.testcases.Sign_InTaskTest@1b11171f]" started-at="2024-07-29T15:38:18 IST" name="confirmOrder" finished-at="2024-07-29T15:38:26 IST" duration-ms="8112" status="PASS">
          <reporter-output>
          </reporter-output>
        </test-method> <!-- confirmOrder -->
        <test-method signature="closeIcon()[pri:36, instance:com.qe.project.testcases.Sign_InTaskTest@1b11171f]" started-at="2024-07-29T15:38:26 IST" name="closeIcon" finished-at="2024-07-29T15:38:43 IST" duration-ms="16543" status="PASS">
          <reporter-output>
          </reporter-output>
        </test-method> <!-- closeIcon -->
        <test-method is-config="true" signature="tearDown()[pri:0, instance:com.qe.project.testcases.Sign_InTaskTest@1b11171f]" started-at="2024-07-29T15:40:33 IST" name="tearDown" finished-at="2024-07-29T15:40:34 IST" duration-ms="552" status="PASS">
          <reporter-output>
          </reporter-output>
        </test-method> <!-- tearDown -->
      </class> <!-- com.qe.project.testcases.Sign_InTaskTest -->
    </test> <!-- Test -->
  </suite> <!-- Suite -->
</testng-results>
