<?xml version="1.0" encoding="UTF-8"?>
<!-- Generated by org.testng.reporters.JUnitReportReporter -->
<testsuite hostname="LAPTOP-9FDKH1JV" failures="0" tests="36" name="com.qe.project.testcases.Sign_InTaskTest" time="102.427" errors="0" timestamp="2024-07-29T15:40:34 IST" skipped="0">
  <testcase classname="com.qe.project.testcases.Sign_InTaskTest" name="loginAcount" time="2.113"/>
  <system-out/>
  <testcase classname="com.qe.project.testcases.Sign_InTaskTest" name="signUpbutton" time="1.137"/>
  <system-out/>
  <testcase classname="com.qe.project.testcases.Sign_InTaskTest" name="countrySynbol" time="1.323"/>
  <system-out/>
  <testcase classname="com.qe.project.testcases.Sign_InTaskTest" name="countryName" time="1.156"/>
  <system-out/>
  <testcase classname="com.qe.project.testcases.Sign_InTaskTest" name="phoneNo" time="1.350"/>
  <system-out/>
  <testcase classname="com.qe.project.testcases.Sign_InTaskTest" name="checkBox" time="1.190"/>
  <system-out/>
  <testcase classname="com.qe.project.testcases.Sign_InTaskTest" name="continueButton" time="1.153"/>
  <system-out/>
  <testcase classname="com.qe.project.testcases.Sign_InTaskTest" name="otp" time="2.495"/>
  <system-out/>
  <testcase classname="com.qe.project.testcases.Sign_InTaskTest" name="firstName" time="3.399"/>
  <system-out/>
  <testcase classname="com.qe.project.testcases.Sign_InTaskTest" name="lastName" time="2.294"/>
  <system-out/>
  <testcase classname="com.qe.project.testcases.Sign_InTaskTest" name="email" time="1.335"/>
  <system-out/>
  <testcase classname="com.qe.project.testcases.Sign_InTaskTest" name="done" time="1.142"/>
  <system-out/>
  <testcase classname="com.qe.project.testcases.Sign_InTaskTest" name="brandsDropdown" time="10.251"/>
  <system-out/>
  <testcase classname="com.qe.project.testcases.Sign_InTaskTest" name="listOfProducts" time="8.802"/>
  <system-out/>
  <testcase classname="com.qe.project.testcases.Sign_InTaskTest" name="quantityDropDown" time="1.323"/>
  <system-out/>
  <testcase classname="com.qe.project.testcases.Sign_InTaskTest" name="addToKart" time="1.165"/>
  <system-out/>
  <testcase classname="com.qe.project.testcases.Sign_InTaskTest" name="addToIcon" time="1.188"/>
  <system-out/>
  <testcase classname="com.qe.project.testcases.Sign_InTaskTest" name="productDetailsVerify" time="1.201"/>
  <system-out/>
  <testcase classname="com.qe.project.testcases.Sign_InTaskTest" name="proccedCheckout" time="1.162"/>
  <system-out/>
  <testcase classname="com.qe.project.testcases.Sign_InTaskTest" name="firstNameP" time="1.434"/>
  <system-out/>
  <testcase classname="com.qe.project.testcases.Sign_InTaskTest" name="lastNameP" time="2.355"/>
  <system-out/>
  <testcase classname="com.qe.project.testcases.Sign_InTaskTest" name="countryIcon" time="1.245"/>
  <system-out/>
  <testcase classname="com.qe.project.testcases.Sign_InTaskTest" name="selectCountry" time="1.192"/>
  <system-out/>
  <testcase classname="com.qe.project.testcases.Sign_InTaskTest" name="enterPhone" time="2.431"/>
  <system-out/>
  <testcase classname="com.qe.project.testcases.Sign_InTaskTest" name="enterAddress" time="2.449"/>
  <system-out/>
  <testcase classname="com.qe.project.testcases.Sign_InTaskTest" name="enterZipcode" time="2.381"/>
  <system-out/>
  <testcase classname="com.qe.project.testcases.Sign_InTaskTest" name="continueButtonP" time="5.176"/>
  <system-out/>
  <testcase classname="com.qe.project.testcases.Sign_InTaskTest" name="addNewCard" time="2.203"/>
  <system-out/>
  <testcase classname="com.qe.project.testcases.Sign_InTaskTest" name="nameCard" time="3.323"/>
  <system-out/>
  <testcase classname="com.qe.project.testcases.Sign_InTaskTest" name="cardNumber" time="0.383"/>
  <system-out/>
  <testcase classname="com.qe.project.testcases.Sign_InTaskTest" name="cVVnumber" time="0.175"/>
  <system-out/>
  <testcase classname="com.qe.project.testcases.Sign_InTaskTest" name="month" time="3.324"/>
  <system-out/>
  <testcase classname="com.qe.project.testcases.Sign_InTaskTest" name="yearYYY" time="2.324"/>
  <system-out/>
  <testcase classname="com.qe.project.testcases.Sign_InTaskTest" name="addCard" time="2.198"/>
  <system-out/>
  <testcase classname="com.qe.project.testcases.Sign_InTaskTest" name="confirmOrder" time="8.112"/>
  <system-out/>
  <testcase classname="com.qe.project.testcases.Sign_InTaskTest" name="closeIcon" time="16.543"/>
  <system-out/>
</testsuite> <!-- com.qe.project.testcases.Sign_InTaskTest -->
